<?xml version="1.0" encoding="UTF-8"?>
<!-- Generated by org.testng.reporters.JUnitReportReporter -->
<testsuite skipped="0" hostname="DT-TECH-2D80" name="testCases.DataEntry2Second" tests="1" failures="0" timestamp="14 Mar 2018 09:22:57 GMT" time="369.440" errors="0">
  <testcase name="loginTest" time="369.440" classname="testCases.DataEntry2Second"/>
</testsuite> <!-- testCases.DataEntry2Second -->
